
Showing logs for build [32mcb-kubecd-environment-pr-193-15-cvpx6-1[0m stage [32mfrom-build-pack[0m and container [32mstep-credential-initializer-xbhjk[0m
{"level":"warn","ts":1586108029.3445451,"logger":"fallback-logger","caller":"logging/config.go:69","msg":"Fetch GitHub commit ID from kodata failed: \"ref: refs/heads/0.8.0-**-support-backwards-incompats\" is not a valid GitHub commit ID"}
{"level":"info","ts":1586108029.3450053,"logger":"fallback-logger","caller":"creds-init/main.go:40","msg":"Credentials initialized."}

Showing logs for build [32mcb-kubecd-environment-pr-193-15-cvpx6-1[0m stage [32mfrom-build-pack[0m and container [32mstep-working-dir-initializer-v9zhp[0m
{"level":"warn","ts":1586108030.421811,"logger":"fallback-logger","caller":"logging/config.go:69","msg":"Fetch GitHub commit ID from kodata failed: open /var/run/ko/HEAD: no such file or directory"}
{"level":"info","ts":1586108030.4236076,"logger":"fallback-logger","caller":"bash/main.go:64","msg":"Successfully executed command \"sh -c mkdir -p /workspace/source\"; output "}

Showing logs for build [32mcb-kubecd-environment-pr-193-15-cvpx6-1[0m stage [32mfrom-build-pack[0m and container [32mstep-place-tools[0m

Showing logs for build [32mcb-kubecd-environment-pr-193-15-cvpx6-1[0m stage [32mfrom-build-pack[0m and container [32mstep-git-source-cb-kubecd-environment-pr-193-15-cvpx6-f9jcn[0m
{"level":"warn","ts":1586108035.6326551,"logger":"fallback-logger","caller":"logging/config.go:69","msg":"Fetch GitHub commit ID from kodata failed: \"ref: refs/heads/0.8.0-**-support-backwards-incompats\" is not a valid GitHub commit ID"}
{"level":"info","ts":1586108036.6520836,"logger":"fallback-logger","caller":"git/git.go:103","msg":"Successfully cloned https://github.com/cb-kubecd/environment-pr-193-150-boot-vault-gke-staging.git @ master in path /workspace/source"}

Showing logs for build [32mcb-kubecd-environment-pr-193-15-cvpx6-1[0m stage [32mfrom-build-pack[0m and container [32mstep-git-merge[0m
Using SHAs from PULL_REFS=master:c01d72c9ea5c38fa5f1d4df65856c1dc19d9ea72,4:c231cf678d9e5737938bf66ada3d2d6e251fc5a6
DEBUG: LC_ALL=C JX_LOG_LEVEL=error git fetch origin --unshallow c231cf678d9e5737938bf66ada3d2d6e251fc5a6: c01d72c9ea5c38fa5f1d4df65856c1dc19d9ea72:
DEBUG: ran git fetch --unshallow origin c231cf678d9e5737938bf66ada3d2d6e251fc5a6: c01d72c9ea5c38fa5f1d4df65856c1dc19d9ea72: in 
DEBUG: JX_LOG_LEVEL=error LC_ALL=C git branch
DEBUG: JX_LOG_LEVEL=error LC_ALL=C git checkout master
DEBUG: ran git checkout master in 
DEBUG: LC_ALL=C JX_LOG_LEVEL=error git reset --hard c01d72c9ea5c38fa5f1d4df65856c1dc19d9ea72
DEBUG: ran git reset --hard c01d72c9ea5c38fa5f1d4df65856c1dc19d9ea72 in 
DEBUG: JX_LOG_LEVEL=error LC_ALL=C git clean -fd .
DEBUG: ran clean --force -d . in 
DEBUG: JX_LOG_LEVEL=error LC_ALL=C git merge c231cf678d9e5737938bf66ada3d2d6e251fc5a6
DEBUG: ran git merge c231cf678d9e5737938bf66ada3d2d6e251fc5a6 in 
DEBUG: JX_LOG_LEVEL=error LC_ALL=C git log --format=%H%x1f%an%x1f%ae%x1f%cn%x1f%ce%x1f%s%n%b%x1e c01d72c9ea5c38fa5f1d4df65856c1dc19d9ea72..HEAD
Merged SHA c231cf678d9e5737938bf66ada3d2d6e251fc5a6 with commit message 'chore: Promote bdd-sbhg-1586105701 to version 0.0.1' into base branch master

Showing logs for build [32mcb-kubecd-environment-pr-193-15-cvpx6-1[0m stage [32mfrom-build-pack[0m and container [32mstep-build-helm-build[0m
WARNING: No $CHART_REPOSITORY defined so using the default value of: http://jenkins-x-chartmuseum:8080
Adding missing Helm repo: storage.googleapis.com https://storage.googleapis.com/chartmuseum.jenkins-x.io
WARNING: No secrets found on "helm/repos" due: reading the secret "helm/repos" from vault: no secret "helm/repos" not found in vault
Read credentials for https://storage.googleapis.com/chartmuseum.jenkins-x.io from vault helm/repos
Successfully added Helm repository storage.googleapis.com.
Adding missing Helm repo: jenkins-x-chartmuseum http://jenkins-x-chartmuseum:8080
WARNING: No secrets found on "helm/repos" due: reading the secret "helm/repos" from vault: no secret "helm/repos" not found in vault
Read credentials for http://jenkins-x-chartmuseum:8080 from vault helm/repos
Successfully added Helm repository jenkins-x-chartmuseum.
WARNING: No $CHART_REPOSITORY defined so using the default value of: http://jenkins-x-chartmuseum:8080
Adding missing Helm repo: chartmuseum.jenkins-x.io http://chartmuseum.jenkins-x.io
WARNING: No secrets found on "helm/repos" due: reading the secret "helm/repos" from vault: no secret "helm/repos" not found in vault
Read credentials for http://chartmuseum.jenkins-x.io from vault helm/repos
Successfully added Helm repository chartmuseum.jenkins-x.io.
